<?xml version="1.0" encoding="UTF-8"?>
<testsuite xmlns:xsi="http://www.w3.org/2001/XMLSchema-instance" xsi:noNamespaceSchemaLocation="https://maven.apache.org/surefire/maven-surefire-plugin/xsd/surefire-test-report-3.0.xsd" version="3.0" name="TestSuite" time="57.272" tests="5" errors="0" skipped="0" failures="0">
  <properties>
    <property name="gopherProxySet" value="false"/>
    <property name="awt.toolkit" value="sun.lwawt.macosx.LWCToolkit"/>
    <property name="java.specification.version" value="11"/>
    <property name="sun.cpu.isalist" value=""/>
    <property name="sun.jnu.encoding" value="UTF-8"/>
    <property name="java.class.path" value="/Users/GO20371782/Documents/Learning/Selenium Udemy/SeleniumFramework/target/test-classes:/Users/GO20371782/Documents/Learning/Selenium Udemy/SeleniumFramework/target/classes:/Users/GO20371782/.m2/repository/com/aventstack/extentreports/5.0.9/extentreports-5.0.9.jar:/Users/GO20371782/.m2/repository/io/reactivex/rxjava3/rxjava/3.0.4/rxjava-3.0.4.jar:/Users/GO20371782/.m2/repository/org/reactivestreams/reactive-streams/1.0.3/reactive-streams-1.0.3.jar:/Users/GO20371782/.m2/repository/org/freemarker/freemarker/2.3.30/freemarker-2.3.30.jar:/Users/GO20371782/.m2/repository/org/projectlombok/lombok/1.18.12/lombok-1.18.12.jar:/Users/GO20371782/.m2/repository/com/google/code/gson/gson/2.8.6/gson-2.8.6.jar:/Users/GO20371782/.m2/repository/org/seleniumhq/selenium/selenium-java/4.8.1/selenium-java-4.8.1.jar:/Users/GO20371782/.m2/repository/org/seleniumhq/selenium/selenium-api/4.8.1/selenium-api-4.8.1.jar:/Users/GO20371782/.m2/repository/org/seleniumhq/selenium/selenium-chrome-driver/4.8.1/selenium-chrome-driver-4.8.1.jar:/Users/GO20371782/.m2/repository/com/google/auto/service/auto-service-annotations/1.0.1/auto-service-annotations-1.0.1.jar:/Users/GO20371782/.m2/repository/com/google/auto/service/auto-service/1.0.1/auto-service-1.0.1.jar:/Users/GO20371782/.m2/repository/com/google/auto/auto-common/1.2/auto-common-1.2.jar:/Users/GO20371782/.m2/repository/com/google/guava/guava/31.1-jre/guava-31.1-jre.jar:/Users/GO20371782/.m2/repository/com/google/guava/failureaccess/1.0.1/failureaccess-1.0.1.jar:/Users/GO20371782/.m2/repository/com/google/guava/listenablefuture/9999.0-empty-to-avoid-conflict-with-guava/listenablefuture-9999.0-empty-to-avoid-conflict-with-guava.jar:/Users/GO20371782/.m2/repository/com/google/code/findbugs/jsr305/3.0.2/jsr305-3.0.2.jar:/Users/GO20371782/.m2/repository/org/checkerframework/checker-qual/3.12.0/checker-qual-3.12.0.jar:/Users/GO20371782/.m2/repository/com/google/errorprone/error_prone_annotations/2.11.0/error_prone_annotations-2.11.0.jar:/Users/GO20371782/.m2/repository/com/google/j2objc/j2objc-annotations/1.3/j2objc-annotations-1.3.jar:/Users/GO20371782/.m2/repository/org/seleniumhq/selenium/selenium-chromium-driver/4.8.1/selenium-chromium-driver-4.8.1.jar:/Users/GO20371782/.m2/repository/org/seleniumhq/selenium/selenium-json/4.8.1/selenium-json-4.8.1.jar:/Users/GO20371782/.m2/repository/org/seleniumhq/selenium/selenium-devtools-v108/4.8.1/selenium-devtools-v108-4.8.1.jar:/Users/GO20371782/.m2/repository/org/seleniumhq/selenium/selenium-devtools-v109/4.8.1/selenium-devtools-v109-4.8.1.jar:/Users/GO20371782/.m2/repository/org/seleniumhq/selenium/selenium-devtools-v110/4.8.1/selenium-devtools-v110-4.8.1.jar:/Users/GO20371782/.m2/repository/org/seleniumhq/selenium/selenium-devtools-v85/4.8.1/selenium-devtools-v85-4.8.1.jar:/Users/GO20371782/.m2/repository/org/seleniumhq/selenium/selenium-edge-driver/4.8.1/selenium-edge-driver-4.8.1.jar:/Users/GO20371782/.m2/repository/org/seleniumhq/selenium/selenium-firefox-driver/4.8.1/selenium-firefox-driver-4.8.1.jar:/Users/GO20371782/.m2/repository/org/seleniumhq/selenium/selenium-http/4.8.1/selenium-http-4.8.1.jar:/Users/GO20371782/.m2/repository/dev/failsafe/failsafe/3.3.0/failsafe-3.3.0.jar:/Users/GO20371782/.m2/repository/org/seleniumhq/selenium/selenium-ie-driver/4.8.1/selenium-ie-driver-4.8.1.jar:/Users/GO20371782/.m2/repository/org/seleniumhq/selenium/selenium-remote-driver/4.8.1/selenium-remote-driver-4.8.1.jar:/Users/GO20371782/.m2/repository/io/netty/netty-buffer/4.1.87.Final/netty-buffer-4.1.87.Final.jar:/Users/GO20371782/.m2/repository/io/netty/netty-codec-http/4.1.87.Final/netty-codec-http-4.1.87.Final.jar:/Users/GO20371782/.m2/repository/io/netty/netty-codec/4.1.87.Final/netty-codec-4.1.87.Final.jar:/Users/GO20371782/.m2/repository/io/netty/netty-handler/4.1.87.Final/netty-handler-4.1.87.Final.jar:/Users/GO20371782/.m2/repository/io/netty/netty-common/4.1.87.Final/netty-common-4.1.87.Final.jar:/Users/GO20371782/.m2/repository/io/netty/netty-transport-classes-epoll/4.1.87.Final/netty-transport-classes-epoll-4.1.87.Final.jar:/Users/GO20371782/.m2/repository/io/netty/netty-transport-classes-kqueue/4.1.87.Final/netty-transport-classes-kqueue-4.1.87.Final.jar:/Users/GO20371782/.m2/repository/io/netty/netty-transport-native-epoll/4.1.87.Final/netty-transport-native-epoll-4.1.87.Final.jar:/Users/GO20371782/.m2/repository/io/netty/netty-transport-native-kqueue/4.1.87.Final/netty-transport-native-kqueue-4.1.87.Final.jar:/Users/GO20371782/.m2/repository/io/netty/netty-transport-native-unix-common/4.1.87.Final/netty-transport-native-unix-common-4.1.87.Final.jar:/Users/GO20371782/.m2/repository/io/netty/netty-transport/4.1.87.Final/netty-transport-4.1.87.Final.jar:/Users/GO20371782/.m2/repository/io/netty/netty-resolver/4.1.87.Final/netty-resolver-4.1.87.Final.jar:/Users/GO20371782/.m2/repository/io/opentelemetry/opentelemetry-api/1.22.0/opentelemetry-api-1.22.0.jar:/Users/GO20371782/.m2/repository/io/opentelemetry/opentelemetry-context/1.22.0/opentelemetry-context-1.22.0.jar:/Users/GO20371782/.m2/repository/io/opentelemetry/opentelemetry-exporter-logging/1.22.0/opentelemetry-exporter-logging-1.22.0.jar:/Users/GO20371782/.m2/repository/io/opentelemetry/opentelemetry-sdk-metrics/1.22.0/opentelemetry-sdk-metrics-1.22.0.jar:/Users/GO20371782/.m2/repository/io/opentelemetry/opentelemetry-sdk-logs/1.22.0-alpha/opentelemetry-sdk-logs-1.22.0-alpha.jar:/Users/GO20371782/.m2/repository/io/opentelemetry/opentelemetry-api-logs/1.22.0-alpha/opentelemetry-api-logs-1.22.0-alpha.jar:/Users/GO20371782/.m2/repository/io/opentelemetry/opentelemetry-sdk-common/1.22.0/opentelemetry-sdk-common-1.22.0.jar:/Users/GO20371782/.m2/repository/io/opentelemetry/opentelemetry-sdk-extension-autoconfigure-spi/1.22.0/opentelemetry-sdk-extension-autoconfigure-spi-1.22.0.jar:/Users/GO20371782/.m2/repository/io/opentelemetry/opentelemetry-sdk-extension-autoconfigure/1.22.0-alpha/opentelemetry-sdk-extension-autoconfigure-1.22.0-alpha.jar:/Users/GO20371782/.m2/repository/io/opentelemetry/opentelemetry-sdk-trace/1.22.0/opentelemetry-sdk-trace-1.22.0.jar:/Users/GO20371782/.m2/repository/io/opentelemetry/opentelemetry-sdk/1.22.0/opentelemetry-sdk-1.22.0.jar:/Users/GO20371782/.m2/repository/io/opentelemetry/opentelemetry-semconv/1.22.0-alpha/opentelemetry-semconv-1.22.0-alpha.jar:/Users/GO20371782/.m2/repository/io/ous/jtoml/2.0.0/jtoml-2.0.0.jar:/Users/GO20371782/.m2/repository/net/bytebuddy/byte-buddy/1.12.22/byte-buddy-1.12.22.jar:/Users/GO20371782/.m2/repository/org/apache/commons/commons-exec/1.3/commons-exec-1.3.jar:/Users/GO20371782/.m2/repository/org/asynchttpclient/async-http-client/2.12.3/async-http-client-2.12.3.jar:/Users/GO20371782/.m2/repository/org/asynchttpclient/async-http-client-netty-utils/2.12.3/async-http-client-netty-utils-2.12.3.jar:/Users/GO20371782/.m2/repository/io/netty/netty-codec-socks/4.1.60.Final/netty-codec-socks-4.1.60.Final.jar:/Users/GO20371782/.m2/repository/io/netty/netty-handler-proxy/4.1.60.Final/netty-handler-proxy-4.1.60.Final.jar:/Users/GO20371782/.m2/repository/io/netty/netty-transport-native-epoll/4.1.60.Final/netty-transport-native-epoll-4.1.60.Final-linux-x86_64.jar:/Users/GO20371782/.m2/repository/io/netty/netty-transport-native-kqueue/4.1.60.Final/netty-transport-native-kqueue-4.1.60.Final-osx-x86_64.jar:/Users/GO20371782/.m2/repository/com/typesafe/netty/netty-reactive-streams/2.0.4/netty-reactive-streams-2.0.4.jar:/Users/GO20371782/.m2/repository/com/sun/activation/jakarta.activation/1.2.2/jakarta.activation-1.2.2.jar:/Users/GO20371782/.m2/repository/org/seleniumhq/selenium/selenium-manager/4.8.1/selenium-manager-4.8.1.jar:/Users/GO20371782/.m2/repository/org/seleniumhq/selenium/selenium-safari-driver/4.8.1/selenium-safari-driver-4.8.1.jar:/Users/GO20371782/.m2/repository/org/seleniumhq/selenium/selenium-support/4.8.1/selenium-support-4.8.1.jar:/Users/GO20371782/.m2/repository/io/github/bonigarcia/webdrivermanager/5.3.2/webdrivermanager-5.3.2.jar:/Users/GO20371782/.m2/repository/org/slf4j/slf4j-api/2.0.6/slf4j-api-2.0.6.jar:/Users/GO20371782/.m2/repository/com/github/docker-java/docker-java/3.2.14/docker-java-3.2.14.jar:/Users/GO20371782/.m2/repository/com/github/docker-java/docker-java-core/3.2.14/docker-java-core-3.2.14.jar:/Users/GO20371782/.m2/repository/com/github/docker-java/docker-java-api/3.2.14/docker-java-api-3.2.14.jar:/Users/GO20371782/.m2/repository/commons-io/commons-io/2.6/commons-io-2.6.jar:/Users/GO20371782/.m2/repository/org/apache/commons/commons-compress/1.21/commons-compress-1.21.jar:/Users/GO20371782/.m2/repository/org/bouncycastle/bcpkix-jdk15on/1.64/bcpkix-jdk15on-1.64.jar:/Users/GO20371782/.m2/repository/org/bouncycastle/bcprov-jdk15on/1.64/bcprov-jdk15on-1.64.jar:/Users/GO20371782/.m2/repository/org/slf4j/jcl-over-slf4j/1.7.30/jcl-over-slf4j-1.7.30.jar:/Users/GO20371782/.m2/repository/com/github/docker-java/docker-java-transport-httpclient5/3.2.14/docker-java-transport-httpclient5-3.2.14.jar:/Users/GO20371782/.m2/repository/com/github/docker-java/docker-java-transport/3.2.14/docker-java-transport-3.2.14.jar:/Users/GO20371782/.m2/repository/net/java/dev/jna/jna/5.12.1/jna-5.12.1.jar:/Users/GO20371782/.m2/repository/org/brotli/dec/0.1.2/dec-0.1.2.jar:/Users/GO20371782/.m2/repository/org/apache/commons/commons-lang3/3.12.0/commons-lang3-3.12.0.jar:/Users/GO20371782/.m2/repository/org/apache/httpcomponents/client5/httpclient5/5.2.1/httpclient5-5.2.1.jar:/Users/GO20371782/.m2/repository/org/apache/httpcomponents/core5/httpcore5/5.2/httpcore5-5.2.jar:/Users/GO20371782/.m2/repository/org/apache/httpcomponents/core5/httpcore5-h2/5.2/httpcore5-h2-5.2.jar:/Users/GO20371782/.m2/repository/com/fasterxml/jackson/core/jackson-databind/2.14.2/jackson-databind-2.14.2.jar:/Users/GO20371782/.m2/repository/com/fasterxml/jackson/core/jackson-annotations/2.14.2/jackson-annotations-2.14.2.jar:/Users/GO20371782/.m2/repository/com/fasterxml/jackson/core/jackson-core/2.14.2/jackson-core-2.14.2.jar:/Users/GO20371782/.m2/repository/org/testng/testng/7.7.1/testng-7.7.1.jar:/Users/GO20371782/.m2/repository/com/beust/jcommander/1.82/jcommander-1.82.jar:/Users/GO20371782/.m2/repository/org/webjars/jquery/3.6.1/jquery-3.6.1.jar:/Users/GO20371782/.m2/repository/io/cucumber/cucumber-java/7.11.1/cucumber-java-7.11.1.jar:/Users/GO20371782/.m2/repository/io/cucumber/cucumber-core/7.11.1/cucumber-core-7.11.1.jar:/Users/GO20371782/.m2/repository/io/cucumber/cucumber-gherkin/7.11.1/cucumber-gherkin-7.11.1.jar:/Users/GO20371782/.m2/repository/io/cucumber/cucumber-gherkin-messages/7.11.1/cucumber-gherkin-messages-7.11.1.jar:/Users/GO20371782/.m2/repository/io/cucumber/gherkin/26.0.3/gherkin-26.0.3.jar:/Users/GO20371782/.m2/repository/io/cucumber/messages/21.0.1/messages-21.0.1.jar:/Users/GO20371782/.m2/repository/io/cucumber/tag-expressions/5.0.1/tag-expressions-5.0.1.jar:/Users/GO20371782/.m2/repository/io/cucumber/cucumber-expressions/16.1.2/cucumber-expressions-16.1.2.jar:/Users/GO20371782/.m2/repository/io/cucumber/datatable/7.11.1/datatable-7.11.1.jar:/Users/GO20371782/.m2/repository/io/cucumber/cucumber-plugin/7.11.1/cucumber-plugin-7.11.1.jar:/Users/GO20371782/.m2/repository/io/cucumber/docstring/7.11.1/docstring-7.11.1.jar:/Users/GO20371782/.m2/repository/io/cucumber/html-formatter/20.2.1/html-formatter-20.2.1.jar:/Users/GO20371782/.m2/repository/io/cucumber/junit-xml-formatter/0.1.0/junit-xml-formatter-0.1.0.jar:/Users/GO20371782/.m2/repository/io/cucumber/ci-environment/9.1.0/ci-environment-9.1.0.jar:/Users/GO20371782/.m2/repository/org/apiguardian/apiguardian-api/1.1.2/apiguardian-api-1.1.2.jar:/Users/GO20371782/.m2/repository/io/cucumber/cucumber-testng/7.11.1/cucumber-testng-7.11.1.jar:/Users/GO20371782/.m2/repository/junit/junit/3.8.1/junit-3.8.1.jar:"/>
    <property name="java.vm.vendor" value="Oracle Corporation"/>
    <property name="sun.arch.data.model" value="64"/>
    <property name="java.vendor.url" value="http://java.oracle.com/"/>
    <property name="user.timezone" value="Asia/Kolkata"/>
    <property name="java.vm.specification.version" value="11"/>
    <property name="os.name" value="Mac OS X"/>
    <property name="sun.java.launcher" value="SUN_STANDARD"/>
    <property name="user.country" value="IN"/>
    <property name="sun.boot.library.path" value="/Library/Java/JavaVirtualMachines/jdk-11.0.2.jdk/Contents/Home/lib"/>
    <property name="sun.java.command" value="/Users/GO20371782/Documents/Learning/Selenium Udemy/SeleniumFramework/target/surefire/surefirebooter-20230313163619829_3.jar /Users/GO20371782/Documents/Learning/Selenium Udemy/SeleniumFramework/target/surefire 2023-03-13T16-36-19_210-jvmRun1 surefire-20230313163619829_1tmp surefire_0-20230313163619829_2tmp"/>
    <property name="http.nonProxyHosts" value="local|*.local|169.254/16|*.169.254/16"/>
    <property name="jdk.debug" value="release"/>
    <property name="surefire.test.class.path" value="/Users/GO20371782/Documents/Learning/Selenium Udemy/SeleniumFramework/target/test-classes:/Users/GO20371782/Documents/Learning/Selenium Udemy/SeleniumFramework/target/classes:/Users/GO20371782/.m2/repository/com/aventstack/extentreports/5.0.9/extentreports-5.0.9.jar:/Users/GO20371782/.m2/repository/io/reactivex/rxjava3/rxjava/3.0.4/rxjava-3.0.4.jar:/Users/GO20371782/.m2/repository/org/reactivestreams/reactive-streams/1.0.3/reactive-streams-1.0.3.jar:/Users/GO20371782/.m2/repository/org/freemarker/freemarker/2.3.30/freemarker-2.3.30.jar:/Users/GO20371782/.m2/repository/org/projectlombok/lombok/1.18.12/lombok-1.18.12.jar:/Users/GO20371782/.m2/repository/com/google/code/gson/gson/2.8.6/gson-2.8.6.jar:/Users/GO20371782/.m2/repository/org/seleniumhq/selenium/selenium-java/4.8.1/selenium-java-4.8.1.jar:/Users/GO20371782/.m2/repository/org/seleniumhq/selenium/selenium-api/4.8.1/selenium-api-4.8.1.jar:/Users/GO20371782/.m2/repository/org/seleniumhq/selenium/selenium-chrome-driver/4.8.1/selenium-chrome-driver-4.8.1.jar:/Users/GO20371782/.m2/repository/com/google/auto/service/auto-service-annotations/1.0.1/auto-service-annotations-1.0.1.jar:/Users/GO20371782/.m2/repository/com/google/auto/service/auto-service/1.0.1/auto-service-1.0.1.jar:/Users/GO20371782/.m2/repository/com/google/auto/auto-common/1.2/auto-common-1.2.jar:/Users/GO20371782/.m2/repository/com/google/guava/guava/31.1-jre/guava-31.1-jre.jar:/Users/GO20371782/.m2/repository/com/google/guava/failureaccess/1.0.1/failureaccess-1.0.1.jar:/Users/GO20371782/.m2/repository/com/google/guava/listenablefuture/9999.0-empty-to-avoid-conflict-with-guava/listenablefuture-9999.0-empty-to-avoid-conflict-with-guava.jar:/Users/GO20371782/.m2/repository/com/google/code/findbugs/jsr305/3.0.2/jsr305-3.0.2.jar:/Users/GO20371782/.m2/repository/org/checkerframework/checker-qual/3.12.0/checker-qual-3.12.0.jar:/Users/GO20371782/.m2/repository/com/google/errorprone/error_prone_annotations/2.11.0/error_prone_annotations-2.11.0.jar:/Users/GO20371782/.m2/repository/com/google/j2objc/j2objc-annotations/1.3/j2objc-annotations-1.3.jar:/Users/GO20371782/.m2/repository/org/seleniumhq/selenium/selenium-chromium-driver/4.8.1/selenium-chromium-driver-4.8.1.jar:/Users/GO20371782/.m2/repository/org/seleniumhq/selenium/selenium-json/4.8.1/selenium-json-4.8.1.jar:/Users/GO20371782/.m2/repository/org/seleniumhq/selenium/selenium-devtools-v108/4.8.1/selenium-devtools-v108-4.8.1.jar:/Users/GO20371782/.m2/repository/org/seleniumhq/selenium/selenium-devtools-v109/4.8.1/selenium-devtools-v109-4.8.1.jar:/Users/GO20371782/.m2/repository/org/seleniumhq/selenium/selenium-devtools-v110/4.8.1/selenium-devtools-v110-4.8.1.jar:/Users/GO20371782/.m2/repository/org/seleniumhq/selenium/selenium-devtools-v85/4.8.1/selenium-devtools-v85-4.8.1.jar:/Users/GO20371782/.m2/repository/org/seleniumhq/selenium/selenium-edge-driver/4.8.1/selenium-edge-driver-4.8.1.jar:/Users/GO20371782/.m2/repository/org/seleniumhq/selenium/selenium-firefox-driver/4.8.1/selenium-firefox-driver-4.8.1.jar:/Users/GO20371782/.m2/repository/org/seleniumhq/selenium/selenium-http/4.8.1/selenium-http-4.8.1.jar:/Users/GO20371782/.m2/repository/dev/failsafe/failsafe/3.3.0/failsafe-3.3.0.jar:/Users/GO20371782/.m2/repository/org/seleniumhq/selenium/selenium-ie-driver/4.8.1/selenium-ie-driver-4.8.1.jar:/Users/GO20371782/.m2/repository/org/seleniumhq/selenium/selenium-remote-driver/4.8.1/selenium-remote-driver-4.8.1.jar:/Users/GO20371782/.m2/repository/io/netty/netty-buffer/4.1.87.Final/netty-buffer-4.1.87.Final.jar:/Users/GO20371782/.m2/repository/io/netty/netty-codec-http/4.1.87.Final/netty-codec-http-4.1.87.Final.jar:/Users/GO20371782/.m2/repository/io/netty/netty-codec/4.1.87.Final/netty-codec-4.1.87.Final.jar:/Users/GO20371782/.m2/repository/io/netty/netty-handler/4.1.87.Final/netty-handler-4.1.87.Final.jar:/Users/GO20371782/.m2/repository/io/netty/netty-common/4.1.87.Final/netty-common-4.1.87.Final.jar:/Users/GO20371782/.m2/repository/io/netty/netty-transport-classes-epoll/4.1.87.Final/netty-transport-classes-epoll-4.1.87.Final.jar:/Users/GO20371782/.m2/repository/io/netty/netty-transport-classes-kqueue/4.1.87.Final/netty-transport-classes-kqueue-4.1.87.Final.jar:/Users/GO20371782/.m2/repository/io/netty/netty-transport-native-epoll/4.1.87.Final/netty-transport-native-epoll-4.1.87.Final.jar:/Users/GO20371782/.m2/repository/io/netty/netty-transport-native-kqueue/4.1.87.Final/netty-transport-native-kqueue-4.1.87.Final.jar:/Users/GO20371782/.m2/repository/io/netty/netty-transport-native-unix-common/4.1.87.Final/netty-transport-native-unix-common-4.1.87.Final.jar:/Users/GO20371782/.m2/repository/io/netty/netty-transport/4.1.87.Final/netty-transport-4.1.87.Final.jar:/Users/GO20371782/.m2/repository/io/netty/netty-resolver/4.1.87.Final/netty-resolver-4.1.87.Final.jar:/Users/GO20371782/.m2/repository/io/opentelemetry/opentelemetry-api/1.22.0/opentelemetry-api-1.22.0.jar:/Users/GO20371782/.m2/repository/io/opentelemetry/opentelemetry-context/1.22.0/opentelemetry-context-1.22.0.jar:/Users/GO20371782/.m2/repository/io/opentelemetry/opentelemetry-exporter-logging/1.22.0/opentelemetry-exporter-logging-1.22.0.jar:/Users/GO20371782/.m2/repository/io/opentelemetry/opentelemetry-sdk-metrics/1.22.0/opentelemetry-sdk-metrics-1.22.0.jar:/Users/GO20371782/.m2/repository/io/opentelemetry/opentelemetry-sdk-logs/1.22.0-alpha/opentelemetry-sdk-logs-1.22.0-alpha.jar:/Users/GO20371782/.m2/repository/io/opentelemetry/opentelemetry-api-logs/1.22.0-alpha/opentelemetry-api-logs-1.22.0-alpha.jar:/Users/GO20371782/.m2/repository/io/opentelemetry/opentelemetry-sdk-common/1.22.0/opentelemetry-sdk-common-1.22.0.jar:/Users/GO20371782/.m2/repository/io/opentelemetry/opentelemetry-sdk-extension-autoconfigure-spi/1.22.0/opentelemetry-sdk-extension-autoconfigure-spi-1.22.0.jar:/Users/GO20371782/.m2/repository/io/opentelemetry/opentelemetry-sdk-extension-autoconfigure/1.22.0-alpha/opentelemetry-sdk-extension-autoconfigure-1.22.0-alpha.jar:/Users/GO20371782/.m2/repository/io/opentelemetry/opentelemetry-sdk-trace/1.22.0/opentelemetry-sdk-trace-1.22.0.jar:/Users/GO20371782/.m2/repository/io/opentelemetry/opentelemetry-sdk/1.22.0/opentelemetry-sdk-1.22.0.jar:/Users/GO20371782/.m2/repository/io/opentelemetry/opentelemetry-semconv/1.22.0-alpha/opentelemetry-semconv-1.22.0-alpha.jar:/Users/GO20371782/.m2/repository/io/ous/jtoml/2.0.0/jtoml-2.0.0.jar:/Users/GO20371782/.m2/repository/net/bytebuddy/byte-buddy/1.12.22/byte-buddy-1.12.22.jar:/Users/GO20371782/.m2/repository/org/apache/commons/commons-exec/1.3/commons-exec-1.3.jar:/Users/GO20371782/.m2/repository/org/asynchttpclient/async-http-client/2.12.3/async-http-client-2.12.3.jar:/Users/GO20371782/.m2/repository/org/asynchttpclient/async-http-client-netty-utils/2.12.3/async-http-client-netty-utils-2.12.3.jar:/Users/GO20371782/.m2/repository/io/netty/netty-codec-socks/4.1.60.Final/netty-codec-socks-4.1.60.Final.jar:/Users/GO20371782/.m2/repository/io/netty/netty-handler-proxy/4.1.60.Final/netty-handler-proxy-4.1.60.Final.jar:/Users/GO20371782/.m2/repository/io/netty/netty-transport-native-epoll/4.1.60.Final/netty-transport-native-epoll-4.1.60.Final-linux-x86_64.jar:/Users/GO20371782/.m2/repository/io/netty/netty-transport-native-kqueue/4.1.60.Final/netty-transport-native-kqueue-4.1.60.Final-osx-x86_64.jar:/Users/GO20371782/.m2/repository/com/typesafe/netty/netty-reactive-streams/2.0.4/netty-reactive-streams-2.0.4.jar:/Users/GO20371782/.m2/repository/com/sun/activation/jakarta.activation/1.2.2/jakarta.activation-1.2.2.jar:/Users/GO20371782/.m2/repository/org/seleniumhq/selenium/selenium-manager/4.8.1/selenium-manager-4.8.1.jar:/Users/GO20371782/.m2/repository/org/seleniumhq/selenium/selenium-safari-driver/4.8.1/selenium-safari-driver-4.8.1.jar:/Users/GO20371782/.m2/repository/org/seleniumhq/selenium/selenium-support/4.8.1/selenium-support-4.8.1.jar:/Users/GO20371782/.m2/repository/io/github/bonigarcia/webdrivermanager/5.3.2/webdrivermanager-5.3.2.jar:/Users/GO20371782/.m2/repository/org/slf4j/slf4j-api/2.0.6/slf4j-api-2.0.6.jar:/Users/GO20371782/.m2/repository/com/github/docker-java/docker-java/3.2.14/docker-java-3.2.14.jar:/Users/GO20371782/.m2/repository/com/github/docker-java/docker-java-core/3.2.14/docker-java-core-3.2.14.jar:/Users/GO20371782/.m2/repository/com/github/docker-java/docker-java-api/3.2.14/docker-java-api-3.2.14.jar:/Users/GO20371782/.m2/repository/commons-io/commons-io/2.6/commons-io-2.6.jar:/Users/GO20371782/.m2/repository/org/apache/commons/commons-compress/1.21/commons-compress-1.21.jar:/Users/GO20371782/.m2/repository/org/bouncycastle/bcpkix-jdk15on/1.64/bcpkix-jdk15on-1.64.jar:/Users/GO20371782/.m2/repository/org/bouncycastle/bcprov-jdk15on/1.64/bcprov-jdk15on-1.64.jar:/Users/GO20371782/.m2/repository/org/slf4j/jcl-over-slf4j/1.7.30/jcl-over-slf4j-1.7.30.jar:/Users/GO20371782/.m2/repository/com/github/docker-java/docker-java-transport-httpclient5/3.2.14/docker-java-transport-httpclient5-3.2.14.jar:/Users/GO20371782/.m2/repository/com/github/docker-java/docker-java-transport/3.2.14/docker-java-transport-3.2.14.jar:/Users/GO20371782/.m2/repository/net/java/dev/jna/jna/5.12.1/jna-5.12.1.jar:/Users/GO20371782/.m2/repository/org/brotli/dec/0.1.2/dec-0.1.2.jar:/Users/GO20371782/.m2/repository/org/apache/commons/commons-lang3/3.12.0/commons-lang3-3.12.0.jar:/Users/GO20371782/.m2/repository/org/apache/httpcomponents/client5/httpclient5/5.2.1/httpclient5-5.2.1.jar:/Users/GO20371782/.m2/repository/org/apache/httpcomponents/core5/httpcore5/5.2/httpcore5-5.2.jar:/Users/GO20371782/.m2/repository/org/apache/httpcomponents/core5/httpcore5-h2/5.2/httpcore5-h2-5.2.jar:/Users/GO20371782/.m2/repository/com/fasterxml/jackson/core/jackson-databind/2.14.2/jackson-databind-2.14.2.jar:/Users/GO20371782/.m2/repository/com/fasterxml/jackson/core/jackson-annotations/2.14.2/jackson-annotations-2.14.2.jar:/Users/GO20371782/.m2/repository/com/fasterxml/jackson/core/jackson-core/2.14.2/jackson-core-2.14.2.jar:/Users/GO20371782/.m2/repository/org/testng/testng/7.7.1/testng-7.7.1.jar:/Users/GO20371782/.m2/repository/com/beust/jcommander/1.82/jcommander-1.82.jar:/Users/GO20371782/.m2/repository/org/webjars/jquery/3.6.1/jquery-3.6.1.jar:/Users/GO20371782/.m2/repository/io/cucumber/cucumber-java/7.11.1/cucumber-java-7.11.1.jar:/Users/GO20371782/.m2/repository/io/cucumber/cucumber-core/7.11.1/cucumber-core-7.11.1.jar:/Users/GO20371782/.m2/repository/io/cucumber/cucumber-gherkin/7.11.1/cucumber-gherkin-7.11.1.jar:/Users/GO20371782/.m2/repository/io/cucumber/cucumber-gherkin-messages/7.11.1/cucumber-gherkin-messages-7.11.1.jar:/Users/GO20371782/.m2/repository/io/cucumber/gherkin/26.0.3/gherkin-26.0.3.jar:/Users/GO20371782/.m2/repository/io/cucumber/messages/21.0.1/messages-21.0.1.jar:/Users/GO20371782/.m2/repository/io/cucumber/tag-expressions/5.0.1/tag-expressions-5.0.1.jar:/Users/GO20371782/.m2/repository/io/cucumber/cucumber-expressions/16.1.2/cucumber-expressions-16.1.2.jar:/Users/GO20371782/.m2/repository/io/cucumber/datatable/7.11.1/datatable-7.11.1.jar:/Users/GO20371782/.m2/repository/io/cucumber/cucumber-plugin/7.11.1/cucumber-plugin-7.11.1.jar:/Users/GO20371782/.m2/repository/io/cucumber/docstring/7.11.1/docstring-7.11.1.jar:/Users/GO20371782/.m2/repository/io/cucumber/html-formatter/20.2.1/html-formatter-20.2.1.jar:/Users/GO20371782/.m2/repository/io/cucumber/junit-xml-formatter/0.1.0/junit-xml-formatter-0.1.0.jar:/Users/GO20371782/.m2/repository/io/cucumber/ci-environment/9.1.0/ci-environment-9.1.0.jar:/Users/GO20371782/.m2/repository/org/apiguardian/apiguardian-api/1.1.2/apiguardian-api-1.1.2.jar:/Users/GO20371782/.m2/repository/io/cucumber/cucumber-testng/7.11.1/cucumber-testng-7.11.1.jar:/Users/GO20371782/.m2/repository/junit/junit/3.8.1/junit-3.8.1.jar:"/>
    <property name="sun.cpu.endian" value="little"/>
    <property name="user.home" value="/Users/GO20371782"/>
    <property name="user.language" value="en"/>
    <property name="java.specification.vendor" value="Oracle Corporation"/>
    <property name="java.version.date" value="2019-01-15"/>
    <property name="java.home" value="/Library/Java/JavaVirtualMachines/jdk-11.0.2.jdk/Contents/Home"/>
    <property name="file.separator" value="/"/>
    <property name="basedir" value="/Users/GO20371782/Documents/Learning/Selenium Udemy/SeleniumFramework"/>
    <property name="java.vm.compressedOopsMode" value="Zero based"/>
    <property name="line.separator" value="&#10;"/>
    <property name="java.specification.name" value="Java Platform API Specification"/>
    <property name="java.vm.specification.vendor" value="Oracle Corporation"/>
    <property name="java.awt.graphicsenv" value="sun.awt.CGraphicsEnvironment"/>
    <property name="surefire.real.class.path" value="/Users/GO20371782/Documents/Learning/Selenium Udemy/SeleniumFramework/target/surefire/surefirebooter-20230313163619829_3.jar"/>
    <property name="sun.management.compiler" value="HotSpot 64-Bit Tiered Compilers"/>
    <property name="ftp.nonProxyHosts" value="local|*.local|169.254/16|*.169.254/16"/>
    <property name="java.runtime.version" value="11.0.2+9"/>
    <property name="user.name" value="GO20371782"/>
    <property name="path.separator" value=":"/>
    <property name="os.version" value="10.16"/>
    <property name="java.runtime.name" value="OpenJDK Runtime Environment"/>
    <property name="file.encoding" value="UTF-8"/>
    <property name="browser" value="firefox"/>
    <property name="java.vm.name" value="OpenJDK 64-Bit Server VM"/>
    <property name="java.vendor.version" value="18.9"/>
    <property name="localRepository" value="/Users/GO20371782/.m2/repository"/>
    <property name="java.vendor.url.bug" value="http://bugreport.java.com/bugreport/"/>
    <property name="java.io.tmpdir" value="/var/folders/gj/b4qc5qls70x8h84cr_kx8sy00000gq/T/"/>
    <property name="java.version" value="11.0.2"/>
    <property name="user.dir" value="/Users/GO20371782/Documents/Learning/Selenium Udemy/SeleniumFramework"/>
    <property name="os.arch" value="x86_64"/>
    <property name="webdriver.gecko.driver" value="/Users/GO20371782/.cache/selenium/geckodriver/mac64/0.32.2/geckodriver"/>
    <property name="java.vm.specification.name" value="Java Virtual Machine Specification"/>
    <property name="java.awt.printerjob" value="sun.lwawt.macosx.CPrinterJob"/>
    <property name="sun.os.patch.level" value="unknown"/>
    <property name="java.library.path" value="/Users/GO20371782/Library/Java/Extensions:/Library/Java/Extensions:/Network/Library/Java/Extensions:/System/Library/Java/Extensions:/usr/lib/java:."/>
    <property name="java.vendor" value="Oracle Corporation"/>
    <property name="java.vm.info" value="mixed mode"/>
    <property name="java.vm.version" value="11.0.2+9"/>
    <property name="sun.io.unicode.encoding" value="UnicodeBig"/>
    <property name="java.class.version" value="55.0"/>
    <property name="socksNonProxyHosts" value="local|*.local|169.254/16|*.169.254/16"/>
  </properties>
  <testcase name="cartProductValidation" classname="com.wipro.ErrorValidation" time="8.767">
    <system-err><![CDATA[SLF4J: No SLF4J providers were found.
SLF4J: Defaulting to no-operation (NOP) logger implementation
SLF4J: See https://www.slf4j.org/codes.html#noProviders for further details.
1678705582431	geckodriver	INFO	Listening on 127.0.0.1:4965
1678705582753	mozrunner::runner	INFO	Running command: "/Applications/Firefox.app/Contents/MacOS/firefox-bin" "--marionette" "--remote-debugging-port" "13524" "--r ... /[::1]:13524/" "-foreground" "-no-remote" "-profile" "/var/folders/gj/b4qc5qls70x8h84cr_kx8sy00000gq/T/rust_mozprofilerucajK"
console.warn: services.settings: Ignoring preference override of remote settings server
console.warn: services.settings: Allow by setting MOZ_REMOTE_SETTINGS_DEVTOOLS=1 in the environment
1678705583430	Marionette	INFO	Marionette enabled
1678705583567	Marionette	INFO	Listening on port 63124
Read port: 63124
2023-03-13 16:36:23.599 plugin-container[29207:3231371] nil host used in call to allowsSpecificHTTPSCertificateForHost
2023-03-13 16:36:23.599 plugin-container[29207:3231371] nil host used in call to allowsAnyHTTPSCertificateForHost:
console.error: "Warning: unrecognized command line flag -remote-allow-hosts\n"
co2n023-03-sole.err13or 16:36:23.617 plu: "Wgin-container[2a9207:32r31n3i7n1g]:  nil host used in call to allowsSpecificHuTTPSCnertificateForHosrt
e2c0o2g3-n0i3zed command li-ne flag -re1m3o t1e6-:a3l6l:o2w3-o.617 plugin-container[29207:3231371] nil hostr used in call to ialglionwss\Ann"y
HTTPSCertificateForHost:
2023-03-13 16:36:23.617 plugin-container[29207:3231374] nil host used in call to allowsSpecificHTTPSCertificateForHost
2023-03-13 16:36:23.617 plugin-container[29207:3231374] nil host used in call to allowsAnyHTTPSCertificateForHost:
WebDriver BiDi listening on ws://127.0.0.1:13524
1678705583703	RemoteAgent	WARN	TLS certificate errors will be ignored for this session
console.warn: SearchSettings: "get: No settings file exists, new profile?" (new NotFoundError("Could not open the file at /var/folders/gj/b4qc5qls70x8h84cr_kx8sy00000gq/T/rust_mozprofilerucajK/search.json.mozlz4", (void 0)))
DevTools listening on ws://127.0.0.1:13524/devtools/browser/7178e4c0-4f6c-47a7-8ed2-155d75e84f3e
console.warn: LoginRecipes: "Falling back to a synchronous message for: https://rahulshettyacademy.com."
console.warn: LoginRecipes: "Falling back to a synchronous message for: https://rahulshettyacademy.com."
]]></system-err>
  </testcase>
  <testcase name="loginErrorValidation" classname="com.wipro.ErrorValidation" time="0.377">
    <system-err><![CDATA[1678705596067	RemoteAgent	INFO	Perform WebSocket upgrade for incoming connection from 127.0.0.1:63192
1678705596073	CDP	ERROR	Invalid browser preferences for CDP. Set "fission.webContentIsolationStrategy"to 0 and "fission.bfcacheInParent" to false before Firefox starts.
1678705596134	Marionette	INFO	Stopped listening on port 63124
1678705596617	geckodriver	INFO	Listening on 127.0.0.1:3367
1678705596659	mozrunner::runner	INFO	Running command: "/Applications/Firefox.app/Contents/MacOS/firefox-bin" "--marionette" "--remote-debugging-port" "21802" "--r ... /[::1]:21802/" "-foreground" "-no-remote" "-profile" "/var/folders/gj/b4qc5qls70x8h84cr_kx8sy00000gq/T/rust_mozprofileMbQxvs"
console.warn: services.settings: Ignoring preference override of remote settings server
console.warn: services.settings: Allow by setting MOZ_REMOTE_SETTINGS_DEVTOOLS=1 in the environment
1678705597080	Marionette	INFO	Marionette enabled
1678705597161	Marionette	INFO	Listening on port 63195
Read port: 63195
console.error: "Warning: unrecognized command line flag -remote-allow-hosts\n"
console.error: "Warning: unrecognized command line flag -remote-allow-origins\n"
2023-03-13 16:36:37.197 plugin-container[29216:3231878] nil host used in call to allowsSpecificHTTPSCertificateForHost
2023-03-13 16:36:37.197 plugin-container[29216:3231878] nil host used in call to allowsAnyHTTPSCertificateForHost:
2023-03-13 16:36:37.200 plugin-container[29216:3231878] nil host used in call to allowsSpecificHTTPSCertificateForHost
2023-03-13 16:36:37.200 plugin-container[29216:3231878] nil host used in call to allowsAnyHTTPSCertificateForHost:
2023-03-13 16:36:37.200 plugin-container[29216:3231883] nil host used in call to allowsSpecificHTTPSCertificateForHost
2023-03-13 16:36:37.200 plugin-container[29216:3231883] nil host used in call to allowsAnyHTTPSCertificateForHost:
WebDriver BiDi listening on ws://127.0.0.1:21802
1678705597261	RemoteAgent	WARN	TLS certificate errors will be ignored for this session
console.warn: SearchSettings: "get: No settings file exists, new profile?" (new NotFoundError("Could not open the file at /var/folders/gj/b4qc5qls70x8h84cr_kx8sy00000gq/T/rust_mozprofileMbQxvs/search.json.mozlz4", (void 0)))
DevTools listening on ws://127.0.0.1:21802/devtools/browser/ff5700fd-6fff-4630-aea5-677f9cfc320f
console.warn: LoginRecipes: "Falling back to a synchronous message for: https://rahulshettyacademy.com."
]]></system-err>
  </testcase>
  <testcase name="submitOrder[{password=Gouravsingh@123, product=ZARA COAT 3, email=gouravsingh@gmail.com}](1)" classname="com.wipro.SubmitOrderTest" time="11.352">
    <system-out><![CDATA[THANKYOU FOR THE ORDER.
]]></system-out>
    <system-err><![CDATA[1678705601227	RemoteAgent	INFO	Perform WebSocket upgrade for incoming connection from 127.0.0.1:63249
1678705601231	CDP	ERROR	Invalid browser preferences for CDP. Set "fission.webContentIsolationStrategy"to 0 and "fission.bfcacheInParent" to false before Firefox starts.
1678705601240	Marionette	INFO	Stopped listening on port 63195
1678705602578	geckodriver	INFO	Listening on 127.0.0.1:29351
1678705602645	mozrunner::runner	INFO	Running command: "/Applications/Firefox.app/Contents/MacOS/firefox-bin" "--marionette" "--remote-debugging-port" "8053" "--re ... //[::1]:8053/" "-foreground" "-no-remote" "-profile" "/var/folders/gj/b4qc5qls70x8h84cr_kx8sy00000gq/T/rust_mozprofile3xGnY3"
console.warn: services.settings: Ignoring preference override of remote settings server
console.warn: services.settings: Allow by setting MOZ_REMOTE_SETTINGS_DEVTOOLS=1 in the environment
1678705603073	Marionette	INFO	Marionette enabled
2023-03-13 16:36:43.198 plugin-container[29227:3232281] nil host used in call to allowsSpecificHTTPSCertificateForHost
2023-03-13 16:36:43.198 plugin-container[29227:3232281] nil host used in call to allowsAnyHTTPSCertificateForHost:
2023-03-13 16:36:43.201 plugin-container[29227:3232281] nil host used in call to allowsSpecificHTTPSCertificateForHost
2023-03-13 16:36:43.201 plugin-container[29227:3232281] nil host used in call to allowsAnyHTTPSCertificateForHost:
2023-03-13 16:36:43.202 plugin-container[29227:3232279] nil host used in call to allowsSpecificHTTPSCertificateForHost
2023-03-13 16:36:43.202 plugin-container[29227:3232279] nil host used in call to allowsAnyHTTPSCertificateForHost:
1678705603250	Marionette	INFO	Listening on port 63252
Read port: 63252
console.error: "Warning: unrecognized command line flag -remote-allow-hosts\n"
console.error: "Warning: unrecognized command line flag -remote-allow-origins\n"
WebDriver BiDi listening on ws://127.0.0.1:8053
1678705603352	RemoteAgent	WARN	TLS certificate errors will be ignored for this session
console.warn: SearchSettings: "get: No settings file exists, new profile?" (new NotFoundError("Could not open the file at /var/folders/gj/b4qc5qls70x8h84cr_kx8sy00000gq/T/rust_mozprofile3xGnY3/search.json.mozlz4", (void 0)))
DevTools listening on ws://127.0.0.1:8053/devtools/browser/7972564b-1eb8-4194-bbf6-a23996dc42b6
console.warn: LoginRecipes: "Falling back to a synchronous message for: https://rahulshettyacademy.com."
console.warn: LoginRecipes: "Falling back to a synchronous message for: https://rahulshettyacademy.com."
]]></system-err>
  </testcase>
  <testcase name="submitOrder[{password=Gourav@123, product=ADIDAS ORIGINAL, email=gourav@gmail.com}](2)" classname="com.wipro.SubmitOrderTest" time="10.219">
    <system-out><![CDATA[THANKYOU FOR THE ORDER.
]]></system-out>
    <system-err><![CDATA[1678705617623	RemoteAgent	INFO	Perform WebSocket upgrade for incoming connection from 127.0.0.1:63328
1678705617628	CDP	ERROR	Invalid browser preferences for CDP. Set "fission.webContentIsolationStrategy"to 0 and "fission.bfcacheInParent" to false before Firefox starts.
1678705617637	Marionette	INFO	Stopped listening on port 63252
1678705618110	geckodriver	INFO	Listening on 127.0.0.1:41022
1678705618161	mozrunner::runner	INFO	Running command: "/Applications/Firefox.app/Contents/MacOS/firefox-bin" "--marionette" "--remote-debugging-port" "16699" "--r ... /[::1]:16699/" "-foreground" "-no-remote" "-profile" "/var/folders/gj/b4qc5qls70x8h84cr_kx8sy00000gq/T/rust_mozprofileB5R4nf"
console.warn: services.settings: Ignoring preference override of remote settings server
console.warn: services.settings: Allow by setting MOZ_REMOTE_SETTINGS_DEVTOOLS=1 in the environment
1678705618595	Marionette	INFO	Marionette enabled
1678705618673	Marionette	INFO	Listening on port 63332
Read port: 63332
console.error: "Warning: unrecognized command line flag -remote-allow-hosts\n"
console.error: "Warning: unrecognized command line flag -remote-allow-origins\n"
2023-03-13 16:36:58.710 plugin-container[29243:3232805] nil host used in call to allowsSpecificHTTPSCertificateForHost
2023-03-13 16:36:58.710 plugin-container[29243:3232805] nil host used in call to allowsAnyHTTPSCertificateForHost:
2023-03-13 16:36:58.714 plugin-container[29243:3232805] nil host used in call to allowsSpecificHTTPSCertificateForHost
2023-03-13 16:36:58.714 plugin-container[29243:3232805] nil host used in call to allowsAnyHTTPSCertificateForHost:
2023-03-13 16:36:58.714 plugin-container[29243:3232811] nil host used in call to allowsSpecificHTTPSCertificateForHost
2023-03-13 16:36:58.714 plugin-container[29243:3232811] nil host used in call to allowsAnyHTTPSCertificateForHost:
WebDriver BiDi listening on ws://127.0.0.1:16699
1678705618850	RemoteAgent	WARN	TLS certificate errors will be ignored for this session
console.warn: SearchSettings: "get: No settings file exists, new profile?" (new NotFoundError("Could not open the file at /var/folders/gj/b4qc5qls70x8h84cr_kx8sy00000gq/T/rust_mozprofileB5R4nf/search.json.mozlz4", (void 0)))
DevTools listening on ws://127.0.0.1:16699/devtools/browser/646673a2-b671-4b5c-b9f4-2466d5e1f790
console.warn: LoginRecipes: "Falling back to a synchronous message for: https://rahulshettyacademy.com."
console.warn: LoginRecipes: "Falling back to a synchronous message for: https://rahulshettyacademy.com."
]]></system-err>
  </testcase>
  <testcase name="orderHistory" classname="com.wipro.SubmitOrderTest" time="0.598">
    <system-err><![CDATA[1678705632725	RemoteAgent	INFO	Perform WebSocket upgrade for incoming connection from 127.0.0.1:63405
1678705632727	CDP	ERROR	Invalid browser preferences for CDP. Set "fission.webContentIsolationStrategy"to 0 and "fission.bfcacheInParent" to false before Firefox starts.
1678705632735	Marionette	INFO	Stopped listening on port 63332
1678705633195	geckodriver	INFO	Listening on 127.0.0.1:18584
1678705633249	mozrunner::runner	INFO	Running command: "/Applications/Firefox.app/Contents/MacOS/firefox-bin" "--marionette" "--remote-debugging-port" "8188" "--re ... //[::1]:8188/" "-foreground" "-no-remote" "-profile" "/var/folders/gj/b4qc5qls70x8h84cr_kx8sy00000gq/T/rust_mozprofileizktMu"
console.warn: services.settings: Ignoring preference override of remote settings server
console.warn: services.settings: Allow by setting MOZ_REMOTE_SETTINGS_DEVTOOLS=1 in the environment
1678705633679	Marionette	INFO	Marionette enabled
2023-03-13 16:37:13.790 plugin-container[29254:3233269] nil host used in call to allowsSpecificHTTPSCertificateForHost
2023-03-13 16:37:13.790 plugin-container[29254:3233269] nil host used in call to allowsAnyHTTPSCertificateForHost:
2023-03-13 16:37:13.794 plugin-container[29254:3233269] nil host used in call to allowsSpecificHTTPSCertificateForHost
2023-03-13 16:37:13.794 plugin-container[29254:3233269] nil host used in call to allowsAnyHTTPSCertificateForHost:
2023-03-13 16:37:13.794 plugin-container[29254:3233273] nil host used in call to allowsSpecificHTTPSCertificateForHost
2023-03-13 16:37:13.794 plugin-container[29254:3233273] nil host used in call to allowsAnyHTTPSCertificateForHost:
1678705633847	Marionette	INFO	Listening on port 63408
console.error: "Warning: unrecognized command line flag -remote-allow-hosts\n"
console.error: "Warning: unrecognized command line flag -remote-allow-origins\n"
Read port: 63408
WebDriver BiDi listening on ws://127.0.0.1:8188
1678705633943	RemoteAgent	WARN	TLS certificate errors will be ignored for this session
console.warn: SearchSettings: "get: No settings file exists, new profile?" (new NotFoundError("Could not open the file at /var/folders/gj/b4qc5qls70x8h84cr_kx8sy00000gq/T/rust_mozprofileizktMu/search.json.mozlz4", (void 0)))
DevTools listening on ws://127.0.0.1:8188/devtools/browser/8acc5038-6d72-44e3-96f0-a87560c25240
console.warn: LoginRecipes: "Falling back to a synchronous message for: https://rahulshettyacademy.com."
console.warn: LoginRecipes: "Falling back to a synchronous message for: https://rahulshettyacademy.com."
]]></system-err>
  </testcase>
</testsuite>