<?xml version="1.0" encoding="UTF-8"?>
<!-- Generated by org.testng.reporters.JUnitReportReporter -->
<testsuite hostname="C02HF4EGQ6L5" failures="0" tests="1" name="cucumber.TestNGTestRunner" time="17.528" errors="0" timestamp="2023-03-13T16:29:38 IST" skipped="0">
  <testcase classname="cucumber.TestNGTestRunner" name="runScenario" time="17.528"/>
  <system-out/>
</testsuite> <!-- cucumber.TestNGTestRunner -->
