<?xml version="1.0" encoding="UTF-8"?>
<!-- Generated by org.testng.reporters.JUnitReportReporter -->
<testsuite hostname="C02HF4EGQ6L5" failures="0" tests="3" name="com.wipro.SubmitOrderTest" time="30.844" errors="0" timestamp="2023-03-12T09:37:33 IST" skipped="0">
  <testcase classname="com.wipro.SubmitOrderTest" name="orderHistory" time="4.265"/>
  <system-out/>
  <testcase classname="com.wipro.SubmitOrderTest" name="submitOrder" time="13.202"/>
  <system-out/>
  <testcase classname="com.wipro.SubmitOrderTest" name="submitOrder" time="13.377"/>
  <system-out/>
</testsuite> <!-- com.wipro.SubmitOrderTest -->
