<?xml version="1.0" encoding="UTF-8"?>
<!-- Generated by org.testng.reporters.JUnitReportReporter -->
<testsuite hostname="C02HF4EGQ6L5" failures="0" tests="2" name="com.wipro.ErrorValidation" time="32.431" errors="0" timestamp="2023-03-12T09:37:33 IST" skipped="0">
  <testcase classname="com.wipro.ErrorValidation" name="loginErrorValidation" time="4.816"/>
  <system-out/>
  <testcase classname="com.wipro.ErrorValidation" name="cartProductValidation" time="27.615"/>
  <system-out/>
</testsuite> <!-- com.wipro.ErrorValidation -->
