<?xml version="1.0" encoding="UTF-8"?>
<!-- Generated by org.testng.reporters.JUnitReportReporter -->
<testsuite hostname="C02HF4EGQ6L5" failures="0" tests="3" name="com.wipro.SubmitOrderTest" time="34.924" errors="0" timestamp="2023-03-13T16:37:17 IST" skipped="0">
  <testcase classname="com.wipro.SubmitOrderTest" name="orderHistory" time="5.472"/>
  <system-out/>
  <testcase classname="com.wipro.SubmitOrderTest" name="submitOrder" time="14.406"/>
  <system-out/>
  <testcase classname="com.wipro.SubmitOrderTest" name="submitOrder" time="15.046"/>
  <system-out/>
</testsuite> <!-- com.wipro.SubmitOrderTest -->
