<?xml version="1.0" encoding="UTF-8"?>
<!-- Generated by org.testng.reporters.JUnitReportReporter -->
<testsuite hostname="C02HF4EGQ6L5" failures="0" tests="2" name="com.wipro.ErrorValidation" time="20.175" errors="0" timestamp="2023-03-13T16:37:17 IST" skipped="0">
  <testcase classname="com.wipro.ErrorValidation" name="cartProductValidation" time="15.072"/>
  <system-out/>
  <testcase classname="com.wipro.ErrorValidation" name="loginErrorValidation" time="5.103"/>
  <system-out/>
</testsuite> <!-- com.wipro.ErrorValidation -->
